<?xml version="1.0" encoding="UTF-8"?>
<!-- Generated by org.testng.reporters.JUnitReportReporter -->
<testsuite skipped="0" hostname="DESKTOP-AUJ9MEE" name="guru99.gittest.App" tests="1" failures="0" timestamp="09 Aug 2019 15:02:15 GMT" time="10.798" errors="0">
  <testcase name="f" time="10.798" classname="guru99.gittest.App"/>
</testsuite> <!-- guru99.gittest.App -->
