<?xml version="1.0" encoding="UTF-8"?>
<!-- Generated by org.testng.reporters.JUnitReportReporter -->
<testsuite skipped="0" hostname="DESKTOP-AUJ9MEE" name="guru99.gittest.Login" tests="1" failures="0" timestamp="10 Aug 2019 11:18:02 GMT" time="0.521" errors="0">
  <testcase name="Login" time="0.521" classname="guru99.gittest.Login"/>
</testsuite> <!-- guru99.gittest.Login -->
