<?xml version="1.0" encoding="UTF-8"?>
<!-- Generated by org.testng.reporters.JUnitReportReporter -->
<testsuite skipped="0" hostname="DESKTOP-AUJ9MEE" name="guru99.gittest.AppTest" tests="1" failures="0" timestamp="16 Aug 2019 08:07:10 GMT" time="26.592" errors="0">
  <testcase name="MemberCreation" time="26.592" classname="guru99.gittest.AppTest"/>
</testsuite> <!-- guru99.gittest.AppTest -->
