<?xml version="1.0" encoding="UTF-8"?>
<!-- Generated by org.testng.reporters.JUnitReportReporter -->
<testsuite skipped="0" hostname="DESKTOP-AUJ9MEE" name="guru99.gittest.AppTest" tests="3" failures="0" timestamp="13 Aug 2019 14:40:14 GMT" time="32.218" errors="0">
  <testcase name="EnquiryCreation" time="7.107" classname="guru99.gittest.AppTest"/>
  <testcase name="TrialCreation" time="6.534" classname="guru99.gittest.AppTest"/>
  <testcase name="MemberCreation" time="18.577" classname="guru99.gittest.AppTest"/>
</testsuite> <!-- guru99.gittest.AppTest -->
