<?xml version="1.0" encoding="UTF-8"?>
<!-- Generated by org.testng.reporters.JUnitReportReporter -->
<testsuite skipped="0" hostname="DESKTOP-AUJ9MEE" name="guru99.gittest.AppTest" tests="6" failures="0" timestamp="13 Aug 2019 12:27:27 GMT" time="24.920" errors="0">
  <testcase name="PageURL" time="1.293" classname="guru99.gittest.AppTest"/>
  <testcase name="EnquiryCreation" time="6.770" classname="guru99.gittest.AppTest"/>
  <testcase name="TrialPageURL" time="1.116" classname="guru99.gittest.AppTest"/>
  <testcase name="TrialCreation" time="6.289" classname="guru99.gittest.AppTest"/>
  <testcase name="MemberPageURL" time="1.404" classname="guru99.gittest.AppTest"/>
  <testcase name="MemberCreation" time="8.048" classname="guru99.gittest.AppTest"/>
</testsuite> <!-- guru99.gittest.AppTest -->
