<?xml version="1.0" encoding="UTF-8"?>
<!-- Generated by org.testng.reporters.JUnitReportReporter -->
<testsuite skipped="0" hostname="DESKTOP-AUJ9MEE" name="guru99.gittest.AppTest" tests="1" failures="0" timestamp="21 Aug 2019 09:14:08 GMT" time="28.181" errors="0">
  <testcase name="MemberCreation" time="28.181" classname="guru99.gittest.AppTest"/>
</testsuite> <!-- guru99.gittest.AppTest -->
