<?xml version="1.0" encoding="UTF-8"?>
<!-- Generated by org.testng.reporters.JUnitReportReporter -->
<testsuite skipped="0" hostname="DESKTOP-AUJ9MEE" name="guru99.gittest.AppTest" tests="1" failures="0" timestamp="14 Aug 2019 14:20:05 GMT" time="16.618" errors="0">
  <testcase name="TrialCreation" time="16.618" classname="guru99.gittest.AppTest"/>
</testsuite> <!-- guru99.gittest.AppTest -->
