<?xml version="1.0" encoding="UTF-8"?>
<!-- Generated by org.testng.reporters.JUnitReportReporter -->
<testsuite skipped="0" hostname="DESKTOP-AUJ9MEE" name="guru99.gittest.AppTest" tests="6" failures="0" timestamp="13 Aug 2019 12:09:12 GMT" time="22.289" errors="0">
  <testcase name="PageURL" time="1.719" classname="guru99.gittest.AppTest"/>
  <testcase name="EnquiryCreation" time="5.854" classname="guru99.gittest.AppTest"/>
  <testcase name="TrialPageURL" time="1.081" classname="guru99.gittest.AppTest"/>
  <testcase name="TrialCreation" time="5.374" classname="guru99.gittest.AppTest"/>
  <testcase name="MemberPageURL" time="1.207" classname="guru99.gittest.AppTest"/>
  <testcase name="MemberCreation" time="7.054" classname="guru99.gittest.AppTest"/>
</testsuite> <!-- guru99.gittest.AppTest -->
