<?xml version="1.0" encoding="UTF-8"?>
<!-- Generated by org.testng.reporters.JUnitReportReporter -->
<testsuite skipped="0" hostname="DESKTOP-AUJ9MEE" name="guru99.gittest.AppTest" tests="3" failures="0" timestamp="14 Aug 2019 13:43:00 GMT" time="30.452" errors="0">
  <testcase name="EnquiryCreation" time="11.719" classname="guru99.gittest.AppTest"/>
  <testcase name="TrialCreation" time="10.537" classname="guru99.gittest.AppTest"/>
  <testcase name="MemberCreation" time="8.196" classname="guru99.gittest.AppTest"/>
</testsuite> <!-- guru99.gittest.AppTest -->
