<?xml version="1.0" encoding="UTF-8"?>
<!-- Generated by org.testng.reporters.JUnitReportReporter -->
<testsuite skipped="0" hostname="DESKTOP-AUJ9MEE" name="guru99.gittest.ExcelData" tests="1" failures="0" timestamp="13 Aug 2019 13:57:16 GMT" time="2.102" errors="0">
  <testcase name="f" time="2.102" classname="guru99.gittest.ExcelData"/>
</testsuite> <!-- guru99.gittest.ExcelData -->
