<?xml version="1.0" encoding="UTF-8"?>
<!-- Generated by org.testng.reporters.JUnitReportReporter -->
<testsuite skipped="0" hostname="DESKTOP-AUJ9MEE" name="guru99.gittest.AppTest" tests="1" failures="0" timestamp="12 Aug 2019 11:31:08 GMT" time="15.507" errors="0">
  <testcase name="LoginAppTest" time="15.507" classname="guru99.gittest.AppTest"/>
</testsuite> <!-- guru99.gittest.AppTest -->
