<?xml version="1.0" encoding="UTF-8"?>
<!-- Generated by org.testng.reporters.JUnitReportReporter -->
<testsuite skipped="0" hostname="DESKTOP-AUJ9MEE" name="guru99.gittest.url" tests="5" failures="0" timestamp="13 Aug 2019 14:18:42 GMT" time="9.686" errors="0">
  <testcase name="LoadData" time="2.145" classname="guru99.gittest.url"/>
  <testcase name="CreateTrial" time="1.166" classname="guru99.gittest.url"/>
  <testcase name="CreateMember" time="1.268" classname="guru99.gittest.url"/>
  <testcase name="CreateEnquiry" time="1.469" classname="guru99.gittest.url"/>
  <testcase name="CreateMembershipbill" time="3.638" classname="guru99.gittest.url"/>
</testsuite> <!-- guru99.gittest.url -->
