<?xml version="1.0" encoding="UTF-8"?>
<!-- Generated by org.testng.reporters.JUnitReportReporter -->
<testsuite skipped="0" hostname="DESKTOP-AUJ9MEE" name="guru99.gittest.NewTest" tests="1" failures="0" timestamp="09 Aug 2019 15:12:23 GMT" time="3.099" errors="0">
  <testcase name="f" time="3.099" classname="guru99.gittest.NewTest"/>
</testsuite> <!-- guru99.gittest.NewTest -->
