<?xml version="1.0" encoding="UTF-8"?>
<!-- Generated by org.testng.reporters.JUnitReportReporter -->
<testsuite skipped="0" hostname="DESKTOP-AUJ9MEE" name="guru99.gittest.AppTest" tests="6" failures="0" timestamp="13 Aug 2019 11:35:31 GMT" time="37.582" errors="0">
  <testcase name="PageURL" time="1.230" classname="guru99.gittest.AppTest"/>
  <testcase name="EnquiryCreation" time="18.659" classname="guru99.gittest.AppTest"/>
  <testcase name="TrialPageURL" time="1.427" classname="guru99.gittest.AppTest"/>
  <testcase name="TrialCreation" time="6.231" classname="guru99.gittest.AppTest"/>
  <testcase name="MemberPageURL" time="1.274" classname="guru99.gittest.AppTest"/>
  <testcase name="MemberCreation" time="8.761" classname="guru99.gittest.AppTest"/>
</testsuite> <!-- guru99.gittest.AppTest -->
