<?xml version="1.0" encoding="UTF-8"?>
<!-- Generated by org.testng.reporters.JUnitReportReporter -->
<testsuite skipped="0" hostname="DESKTOP-AUJ9MEE" name="guru99.gittest.AppTest" tests="2" failures="0" timestamp="13 Aug 2019 08:24:28 GMT" time="18.495" errors="0">
  <testcase name="LoginAppTest" time="18.494" classname="guru99.gittest.AppTest"/>
  <testcase name="EnquiryCreation" time="0.001" classname="guru99.gittest.AppTest"/>
</testsuite> <!-- guru99.gittest.AppTest -->
